<?xml version="1.0" encoding="UTF-8"?>
<!-- Generated by org.testng.reporters.JUnitXMLReporter -->
<testsuite hostname="vishakha-Inspiron-3542" ignored="0" name="Verify Test" tests="1" failures="1" timestamp="11 Sep 2020 07:38:27 GMT" time="1.644" errors="0">
  <testcase name="verifyTest" time="0.182" classname="com.practice.testcases.VerifyTest">
    <failure type="java.lang.AssertionError" message="Forcefully Failing to see whether Screenshot is generating or not">
      <![CDATA[java.lang.AssertionError: Forcefully Failing to see whether Screenshot is generating or not
at com.practice.testcases.VerifyTest.verifyTest(VerifyTest.java:17)
... Removed 29 stack frames]]>
    </failure>
  </testcase> <!-- verifyTest -->
</testsuite> <!-- Verify Test -->
